Start testing: Mar 09 12:50 CET
----------------------------------------------------------
1/29 Testing: EmptyTree.InsertNode
1/29 Test: EmptyTree.InsertNode
Command: "/home/samuel/Desktop/IVS - odovzdanie/ivs_project_1_2022/assignment/build/black_box_test" "--gtest_filter=EmptyTree.InsertNode"
Directory: /home/samuel/Desktop/IVS - odovzdanie/ivs_project_1_2022/assignment/build
"EmptyTree.InsertNode" start time: Mar 09 12:50 CET
Output:
----------------------------------------------------------
Running main() from /home/samuel/Desktop/IVS - odovzdanie/ivs_project_1_2022/assignment/build/googletest-master/googletest/src/gtest_main.cc
Note: Google Test filter = EmptyTree.InsertNode
[==========] Running 1 test from 1 test suite.
[----------] Global test environment set-up.
[----------] 1 test from EmptyTree
[ RUN      ] EmptyTree.InsertNode
[       OK ] EmptyTree.InsertNode (0 ms)
[----------] 1 test from EmptyTree (0 ms total)

[----------] Global test environment tear-down
[==========] 1 test from 1 test suite ran. (0 ms total)
[  PASSED  ] 1 test.
<end of output>
Test time =   0.01 sec
----------------------------------------------------------
Test Passed.
"EmptyTree.InsertNode" end time: Mar 09 12:50 CET
"EmptyTree.InsertNode" time elapsed: 00:00:00
----------------------------------------------------------

2/29 Testing: EmptyTree.DeleteNode
2/29 Test: EmptyTree.DeleteNode
Command: "/home/samuel/Desktop/IVS - odovzdanie/ivs_project_1_2022/assignment/build/black_box_test" "--gtest_filter=EmptyTree.DeleteNode"
Directory: /home/samuel/Desktop/IVS - odovzdanie/ivs_project_1_2022/assignment/build
"EmptyTree.DeleteNode" start time: Mar 09 12:50 CET
Output:
----------------------------------------------------------
Running main() from /home/samuel/Desktop/IVS - odovzdanie/ivs_project_1_2022/assignment/build/googletest-master/googletest/src/gtest_main.cc
Note: Google Test filter = EmptyTree.DeleteNode
[==========] Running 1 test from 1 test suite.
[----------] Global test environment set-up.
[----------] 1 test from EmptyTree
[ RUN      ] EmptyTree.DeleteNode
[       OK ] EmptyTree.DeleteNode (0 ms)
[----------] 1 test from EmptyTree (0 ms total)

[----------] Global test environment tear-down
[==========] 1 test from 1 test suite ran. (0 ms total)
[  PASSED  ] 1 test.
<end of output>
Test time =   0.00 sec
----------------------------------------------------------
Test Passed.
"EmptyTree.DeleteNode" end time: Mar 09 12:50 CET
"EmptyTree.DeleteNode" time elapsed: 00:00:00
----------------------------------------------------------

3/29 Testing: EmptyTree.FindNode
3/29 Test: EmptyTree.FindNode
Command: "/home/samuel/Desktop/IVS - odovzdanie/ivs_project_1_2022/assignment/build/black_box_test" "--gtest_filter=EmptyTree.FindNode"
Directory: /home/samuel/Desktop/IVS - odovzdanie/ivs_project_1_2022/assignment/build
"EmptyTree.FindNode" start time: Mar 09 12:50 CET
Output:
----------------------------------------------------------
Running main() from /home/samuel/Desktop/IVS - odovzdanie/ivs_project_1_2022/assignment/build/googletest-master/googletest/src/gtest_main.cc
Note: Google Test filter = EmptyTree.FindNode
[==========] Running 1 test from 1 test suite.
[----------] Global test environment set-up.
[----------] 1 test from EmptyTree
[ RUN      ] EmptyTree.FindNode
[       OK ] EmptyTree.FindNode (0 ms)
[----------] 1 test from EmptyTree (0 ms total)

[----------] Global test environment tear-down
[==========] 1 test from 1 test suite ran. (0 ms total)
[  PASSED  ] 1 test.
<end of output>
Test time =   0.00 sec
----------------------------------------------------------
Test Passed.
"EmptyTree.FindNode" end time: Mar 09 12:50 CET
"EmptyTree.FindNode" time elapsed: 00:00:00
----------------------------------------------------------

4/29 Testing: NonEmptyTree.InsertNode
4/29 Test: NonEmptyTree.InsertNode
Command: "/home/samuel/Desktop/IVS - odovzdanie/ivs_project_1_2022/assignment/build/black_box_test" "--gtest_filter=NonEmptyTree.InsertNode"
Directory: /home/samuel/Desktop/IVS - odovzdanie/ivs_project_1_2022/assignment/build
"NonEmptyTree.InsertNode" start time: Mar 09 12:50 CET
Output:
----------------------------------------------------------
Running main() from /home/samuel/Desktop/IVS - odovzdanie/ivs_project_1_2022/assignment/build/googletest-master/googletest/src/gtest_main.cc
Note: Google Test filter = NonEmptyTree.InsertNode
[==========] Running 1 test from 1 test suite.
[----------] Global test environment set-up.
[----------] 1 test from NonEmptyTree
[ RUN      ] NonEmptyTree.InsertNode
[       OK ] NonEmptyTree.InsertNode (0 ms)
[----------] 1 test from NonEmptyTree (0 ms total)

[----------] Global test environment tear-down
[==========] 1 test from 1 test suite ran. (0 ms total)
[  PASSED  ] 1 test.
<end of output>
Test time =   0.00 sec
----------------------------------------------------------
Test Passed.
"NonEmptyTree.InsertNode" end time: Mar 09 12:50 CET
"NonEmptyTree.InsertNode" time elapsed: 00:00:00
----------------------------------------------------------

5/29 Testing: NonEmptyTree.DeleteNode
5/29 Test: NonEmptyTree.DeleteNode
Command: "/home/samuel/Desktop/IVS - odovzdanie/ivs_project_1_2022/assignment/build/black_box_test" "--gtest_filter=NonEmptyTree.DeleteNode"
Directory: /home/samuel/Desktop/IVS - odovzdanie/ivs_project_1_2022/assignment/build
"NonEmptyTree.DeleteNode" start time: Mar 09 12:50 CET
Output:
----------------------------------------------------------
Running main() from /home/samuel/Desktop/IVS - odovzdanie/ivs_project_1_2022/assignment/build/googletest-master/googletest/src/gtest_main.cc
Note: Google Test filter = NonEmptyTree.DeleteNode
[==========] Running 1 test from 1 test suite.
[----------] Global test environment set-up.
[----------] 1 test from NonEmptyTree
[ RUN      ] NonEmptyTree.DeleteNode
[       OK ] NonEmptyTree.DeleteNode (0 ms)
[----------] 1 test from NonEmptyTree (0 ms total)

[----------] Global test environment tear-down
[==========] 1 test from 1 test suite ran. (0 ms total)
[  PASSED  ] 1 test.
<end of output>
Test time =   0.00 sec
----------------------------------------------------------
Test Passed.
"NonEmptyTree.DeleteNode" end time: Mar 09 12:50 CET
"NonEmptyTree.DeleteNode" time elapsed: 00:00:00
----------------------------------------------------------

6/29 Testing: NonEmptyTree.FindNode
6/29 Test: NonEmptyTree.FindNode
Command: "/home/samuel/Desktop/IVS - odovzdanie/ivs_project_1_2022/assignment/build/black_box_test" "--gtest_filter=NonEmptyTree.FindNode"
Directory: /home/samuel/Desktop/IVS - odovzdanie/ivs_project_1_2022/assignment/build
"NonEmptyTree.FindNode" start time: Mar 09 12:50 CET
Output:
----------------------------------------------------------
Running main() from /home/samuel/Desktop/IVS - odovzdanie/ivs_project_1_2022/assignment/build/googletest-master/googletest/src/gtest_main.cc
Note: Google Test filter = NonEmptyTree.FindNode
[==========] Running 1 test from 1 test suite.
[----------] Global test environment set-up.
[----------] 1 test from NonEmptyTree
[ RUN      ] NonEmptyTree.FindNode
[       OK ] NonEmptyTree.FindNode (0 ms)
[----------] 1 test from NonEmptyTree (0 ms total)

[----------] Global test environment tear-down
[==========] 1 test from 1 test suite ran. (0 ms total)
[  PASSED  ] 1 test.
<end of output>
Test time =   0.00 sec
----------------------------------------------------------
Test Passed.
"NonEmptyTree.FindNode" end time: Mar 09 12:50 CET
"NonEmptyTree.FindNode" time elapsed: 00:00:00
----------------------------------------------------------

7/29 Testing: TreeAxioms.Axiom1
7/29 Test: TreeAxioms.Axiom1
Command: "/home/samuel/Desktop/IVS - odovzdanie/ivs_project_1_2022/assignment/build/black_box_test" "--gtest_filter=TreeAxioms.Axiom1"
Directory: /home/samuel/Desktop/IVS - odovzdanie/ivs_project_1_2022/assignment/build
"TreeAxioms.Axiom1" start time: Mar 09 12:50 CET
Output:
----------------------------------------------------------
Running main() from /home/samuel/Desktop/IVS - odovzdanie/ivs_project_1_2022/assignment/build/googletest-master/googletest/src/gtest_main.cc
Note: Google Test filter = TreeAxioms.Axiom1
[==========] Running 1 test from 1 test suite.
[----------] Global test environment set-up.
[----------] 1 test from TreeAxioms
[ RUN      ] TreeAxioms.Axiom1
[       OK ] TreeAxioms.Axiom1 (0 ms)
[----------] 1 test from TreeAxioms (0 ms total)

[----------] Global test environment tear-down
[==========] 1 test from 1 test suite ran. (0 ms total)
[  PASSED  ] 1 test.
<end of output>
Test time =   0.00 sec
----------------------------------------------------------
Test Passed.
"TreeAxioms.Axiom1" end time: Mar 09 12:50 CET
"TreeAxioms.Axiom1" time elapsed: 00:00:00
----------------------------------------------------------

8/29 Testing: TreeAxioms.Axiom2
8/29 Test: TreeAxioms.Axiom2
Command: "/home/samuel/Desktop/IVS - odovzdanie/ivs_project_1_2022/assignment/build/black_box_test" "--gtest_filter=TreeAxioms.Axiom2"
Directory: /home/samuel/Desktop/IVS - odovzdanie/ivs_project_1_2022/assignment/build
"TreeAxioms.Axiom2" start time: Mar 09 12:50 CET
Output:
----------------------------------------------------------
Running main() from /home/samuel/Desktop/IVS - odovzdanie/ivs_project_1_2022/assignment/build/googletest-master/googletest/src/gtest_main.cc
Note: Google Test filter = TreeAxioms.Axiom2
[==========] Running 1 test from 1 test suite.
[----------] Global test environment set-up.
[----------] 1 test from TreeAxioms
[ RUN      ] TreeAxioms.Axiom2
[       OK ] TreeAxioms.Axiom2 (0 ms)
[----------] 1 test from TreeAxioms (0 ms total)

[----------] Global test environment tear-down
[==========] 1 test from 1 test suite ran. (0 ms total)
[  PASSED  ] 1 test.
<end of output>
Test time =   0.00 sec
----------------------------------------------------------
Test Passed.
"TreeAxioms.Axiom2" end time: Mar 09 12:50 CET
"TreeAxioms.Axiom2" time elapsed: 00:00:00
----------------------------------------------------------

9/29 Testing: TreeAxioms.Axiom3
9/29 Test: TreeAxioms.Axiom3
Command: "/home/samuel/Desktop/IVS - odovzdanie/ivs_project_1_2022/assignment/build/black_box_test" "--gtest_filter=TreeAxioms.Axiom3"
Directory: /home/samuel/Desktop/IVS - odovzdanie/ivs_project_1_2022/assignment/build
"TreeAxioms.Axiom3" start time: Mar 09 12:50 CET
Output:
----------------------------------------------------------
Running main() from /home/samuel/Desktop/IVS - odovzdanie/ivs_project_1_2022/assignment/build/googletest-master/googletest/src/gtest_main.cc
Note: Google Test filter = TreeAxioms.Axiom3
[==========] Running 1 test from 1 test suite.
[----------] Global test environment set-up.
[----------] 1 test from TreeAxioms
[ RUN      ] TreeAxioms.Axiom3
[       OK ] TreeAxioms.Axiom3 (0 ms)
[----------] 1 test from TreeAxioms (0 ms total)

[----------] Global test environment tear-down
[==========] 1 test from 1 test suite ran. (0 ms total)
[  PASSED  ] 1 test.
<end of output>
Test time =   0.00 sec
----------------------------------------------------------
Test Passed.
"TreeAxioms.Axiom3" end time: Mar 09 12:50 CET
"TreeAxioms.Axiom3" time elapsed: 00:00:00
----------------------------------------------------------

10/29 Testing: WhiteBoxTesting.Construct_0_Matrix
10/29 Test: WhiteBoxTesting.Construct_0_Matrix
Command: "/home/samuel/Desktop/IVS - odovzdanie/ivs_project_1_2022/assignment/build/white_box_test" "--gtest_filter=WhiteBoxTesting.Construct_0_Matrix"
Directory: /home/samuel/Desktop/IVS - odovzdanie/ivs_project_1_2022/assignment/build
"WhiteBoxTesting.Construct_0_Matrix" start time: Mar 09 12:50 CET
Output:
----------------------------------------------------------
Running main() from /home/samuel/Desktop/IVS - odovzdanie/ivs_project_1_2022/assignment/build/googletest-master/googletest/src/gtest_main.cc
Note: Google Test filter = WhiteBoxTesting.Construct_0_Matrix
[==========] Running 1 test from 1 test suite.
[----------] Global test environment set-up.
[----------] 1 test from WhiteBoxTesting
[ RUN      ] WhiteBoxTesting.Construct_0_Matrix
[       OK ] WhiteBoxTesting.Construct_0_Matrix (0 ms)
[----------] 1 test from WhiteBoxTesting (0 ms total)

[----------] Global test environment tear-down
[==========] 1 test from 1 test suite ran. (0 ms total)
[  PASSED  ] 1 test.
<end of output>
Test time =   0.00 sec
----------------------------------------------------------
Test Passed.
"WhiteBoxTesting.Construct_0_Matrix" end time: Mar 09 12:50 CET
"WhiteBoxTesting.Construct_0_Matrix" time elapsed: 00:00:00
----------------------------------------------------------

11/29 Testing: WhiteBoxTesting.Construct_non0_Matrix
11/29 Test: WhiteBoxTesting.Construct_non0_Matrix
Command: "/home/samuel/Desktop/IVS - odovzdanie/ivs_project_1_2022/assignment/build/white_box_test" "--gtest_filter=WhiteBoxTesting.Construct_non0_Matrix"
Directory: /home/samuel/Desktop/IVS - odovzdanie/ivs_project_1_2022/assignment/build
"WhiteBoxTesting.Construct_non0_Matrix" start time: Mar 09 12:50 CET
Output:
----------------------------------------------------------
Running main() from /home/samuel/Desktop/IVS - odovzdanie/ivs_project_1_2022/assignment/build/googletest-master/googletest/src/gtest_main.cc
Note: Google Test filter = WhiteBoxTesting.Construct_non0_Matrix
[==========] Running 1 test from 1 test suite.
[----------] Global test environment set-up.
[----------] 1 test from WhiteBoxTesting
[ RUN      ] WhiteBoxTesting.Construct_non0_Matrix
[       OK ] WhiteBoxTesting.Construct_non0_Matrix (0 ms)
[----------] 1 test from WhiteBoxTesting (0 ms total)

[----------] Global test environment tear-down
[==========] 1 test from 1 test suite ran. (0 ms total)
[  PASSED  ] 1 test.
<end of output>
Test time =   0.00 sec
----------------------------------------------------------
Test Passed.
"WhiteBoxTesting.Construct_non0_Matrix" end time: Mar 09 12:50 CET
"WhiteBoxTesting.Construct_non0_Matrix" time elapsed: 00:00:00
----------------------------------------------------------

12/29 Testing: WhiteBoxTesting.Set
12/29 Test: WhiteBoxTesting.Set
Command: "/home/samuel/Desktop/IVS - odovzdanie/ivs_project_1_2022/assignment/build/white_box_test" "--gtest_filter=WhiteBoxTesting.Set"
Directory: /home/samuel/Desktop/IVS - odovzdanie/ivs_project_1_2022/assignment/build
"WhiteBoxTesting.Set" start time: Mar 09 12:50 CET
Output:
----------------------------------------------------------
Running main() from /home/samuel/Desktop/IVS - odovzdanie/ivs_project_1_2022/assignment/build/googletest-master/googletest/src/gtest_main.cc
Note: Google Test filter = WhiteBoxTesting.Set
[==========] Running 1 test from 1 test suite.
[----------] Global test environment set-up.
[----------] 1 test from WhiteBoxTesting
[ RUN      ] WhiteBoxTesting.Set
[       OK ] WhiteBoxTesting.Set (0 ms)
[----------] 1 test from WhiteBoxTesting (0 ms total)

[----------] Global test environment tear-down
[==========] 1 test from 1 test suite ran. (0 ms total)
[  PASSED  ] 1 test.
<end of output>
Test time =   0.00 sec
----------------------------------------------------------
Test Passed.
"WhiteBoxTesting.Set" end time: Mar 09 12:50 CET
"WhiteBoxTesting.Set" time elapsed: 00:00:00
----------------------------------------------------------

13/29 Testing: WhiteBoxTesting.Get
13/29 Test: WhiteBoxTesting.Get
Command: "/home/samuel/Desktop/IVS - odovzdanie/ivs_project_1_2022/assignment/build/white_box_test" "--gtest_filter=WhiteBoxTesting.Get"
Directory: /home/samuel/Desktop/IVS - odovzdanie/ivs_project_1_2022/assignment/build
"WhiteBoxTesting.Get" start time: Mar 09 12:50 CET
Output:
----------------------------------------------------------
Running main() from /home/samuel/Desktop/IVS - odovzdanie/ivs_project_1_2022/assignment/build/googletest-master/googletest/src/gtest_main.cc
Note: Google Test filter = WhiteBoxTesting.Get
[==========] Running 1 test from 1 test suite.
[----------] Global test environment set-up.
[----------] 1 test from WhiteBoxTesting
[ RUN      ] WhiteBoxTesting.Get
[       OK ] WhiteBoxTesting.Get (0 ms)
[----------] 1 test from WhiteBoxTesting (0 ms total)

[----------] Global test environment tear-down
[==========] 1 test from 1 test suite ran. (0 ms total)
[  PASSED  ] 1 test.
<end of output>
Test time =   0.00 sec
----------------------------------------------------------
Test Passed.
"WhiteBoxTesting.Get" end time: Mar 09 12:50 CET
"WhiteBoxTesting.Get" time elapsed: 00:00:00
----------------------------------------------------------

14/29 Testing: WhiteBoxTesting.Compare
14/29 Test: WhiteBoxTesting.Compare
Command: "/home/samuel/Desktop/IVS - odovzdanie/ivs_project_1_2022/assignment/build/white_box_test" "--gtest_filter=WhiteBoxTesting.Compare"
Directory: /home/samuel/Desktop/IVS - odovzdanie/ivs_project_1_2022/assignment/build
"WhiteBoxTesting.Compare" start time: Mar 09 12:50 CET
Output:
----------------------------------------------------------
Running main() from /home/samuel/Desktop/IVS - odovzdanie/ivs_project_1_2022/assignment/build/googletest-master/googletest/src/gtest_main.cc
Note: Google Test filter = WhiteBoxTesting.Compare
[==========] Running 1 test from 1 test suite.
[----------] Global test environment set-up.
[----------] 1 test from WhiteBoxTesting
[ RUN      ] WhiteBoxTesting.Compare
/home/samuel/Desktop/IVS - odovzdanie/ivs_project_1_2022/assignment/white_box_tests.cpp:246: Failure
Value of: matrix1 == matrix2
  Actual: false
Expected: true
[  FAILED  ] WhiteBoxTesting.Compare (1 ms)
[----------] 1 test from WhiteBoxTesting (1 ms total)

[----------] Global test environment tear-down
[==========] 1 test from 1 test suite ran. (1 ms total)
[  PASSED  ] 0 tests.
[  FAILED  ] 1 test, listed below:
[  FAILED  ] WhiteBoxTesting.Compare

 1 FAILED TEST
<end of output>
Test time =   0.00 sec
----------------------------------------------------------
Test Failed.
"WhiteBoxTesting.Compare" end time: Mar 09 12:50 CET
"WhiteBoxTesting.Compare" time elapsed: 00:00:00
----------------------------------------------------------

15/29 Testing: WhiteBoxTesting.Plus
15/29 Test: WhiteBoxTesting.Plus
Command: "/home/samuel/Desktop/IVS - odovzdanie/ivs_project_1_2022/assignment/build/white_box_test" "--gtest_filter=WhiteBoxTesting.Plus"
Directory: /home/samuel/Desktop/IVS - odovzdanie/ivs_project_1_2022/assignment/build
"WhiteBoxTesting.Plus" start time: Mar 09 12:50 CET
Output:
----------------------------------------------------------
Running main() from /home/samuel/Desktop/IVS - odovzdanie/ivs_project_1_2022/assignment/build/googletest-master/googletest/src/gtest_main.cc
Note: Google Test filter = WhiteBoxTesting.Plus
[==========] Running 1 test from 1 test suite.
[----------] Global test environment set-up.
[----------] 1 test from WhiteBoxTesting
[ RUN      ] WhiteBoxTesting.Plus
[       OK ] WhiteBoxTesting.Plus (1 ms)
[----------] 1 test from WhiteBoxTesting (1 ms total)

[----------] Global test environment tear-down
[==========] 1 test from 1 test suite ran. (1 ms total)
[  PASSED  ] 1 test.
<end of output>
Test time =   0.00 sec
----------------------------------------------------------
Test Passed.
"WhiteBoxTesting.Plus" end time: Mar 09 12:50 CET
"WhiteBoxTesting.Plus" time elapsed: 00:00:00
----------------------------------------------------------

16/29 Testing: WhiteBoxTesting.multiplication_of_two_matrices
16/29 Test: WhiteBoxTesting.multiplication_of_two_matrices
Command: "/home/samuel/Desktop/IVS - odovzdanie/ivs_project_1_2022/assignment/build/white_box_test" "--gtest_filter=WhiteBoxTesting.multiplication_of_two_matrices"
Directory: /home/samuel/Desktop/IVS - odovzdanie/ivs_project_1_2022/assignment/build
"WhiteBoxTesting.multiplication_of_two_matrices" start time: Mar 09 12:50 CET
Output:
----------------------------------------------------------
Running main() from /home/samuel/Desktop/IVS - odovzdanie/ivs_project_1_2022/assignment/build/googletest-master/googletest/src/gtest_main.cc
Note: Google Test filter = WhiteBoxTesting.multiplication_of_two_matrices
[==========] Running 1 test from 1 test suite.
[----------] Global test environment set-up.
[----------] 1 test from WhiteBoxTesting
[ RUN      ] WhiteBoxTesting.multiplication_of_two_matrices
[       OK ] WhiteBoxTesting.multiplication_of_two_matrices (0 ms)
[----------] 1 test from WhiteBoxTesting (0 ms total)

[----------] Global test environment tear-down
[==========] 1 test from 1 test suite ran. (0 ms total)
[  PASSED  ] 1 test.
<end of output>
Test time =   0.00 sec
----------------------------------------------------------
Test Passed.
"WhiteBoxTesting.multiplication_of_two_matrices" end time: Mar 09 12:50 CET
"WhiteBoxTesting.multiplication_of_two_matrices" time elapsed: 00:00:00
----------------------------------------------------------

17/29 Testing: WhiteBoxTesting.Multiplication_by_vector
17/29 Test: WhiteBoxTesting.Multiplication_by_vector
Command: "/home/samuel/Desktop/IVS - odovzdanie/ivs_project_1_2022/assignment/build/white_box_test" "--gtest_filter=WhiteBoxTesting.Multiplication_by_vector"
Directory: /home/samuel/Desktop/IVS - odovzdanie/ivs_project_1_2022/assignment/build
"WhiteBoxTesting.Multiplication_by_vector" start time: Mar 09 12:50 CET
Output:
----------------------------------------------------------
Running main() from /home/samuel/Desktop/IVS - odovzdanie/ivs_project_1_2022/assignment/build/googletest-master/googletest/src/gtest_main.cc
Note: Google Test filter = WhiteBoxTesting.Multiplication_by_vector
[==========] Running 1 test from 1 test suite.
[----------] Global test environment set-up.
[----------] 1 test from WhiteBoxTesting
[ RUN      ] WhiteBoxTesting.Multiplication_by_vector
[       OK ] WhiteBoxTesting.Multiplication_by_vector (1 ms)
[----------] 1 test from WhiteBoxTesting (1 ms total)

[----------] Global test environment tear-down
[==========] 1 test from 1 test suite ran. (1 ms total)
[  PASSED  ] 1 test.
<end of output>
Test time =   0.00 sec
----------------------------------------------------------
Test Passed.
"WhiteBoxTesting.Multiplication_by_vector" end time: Mar 09 12:50 CET
"WhiteBoxTesting.Multiplication_by_vector" time elapsed: 00:00:00
----------------------------------------------------------

18/29 Testing: WhiteBoxTesting.solveEquation
18/29 Test: WhiteBoxTesting.solveEquation
Command: "/home/samuel/Desktop/IVS - odovzdanie/ivs_project_1_2022/assignment/build/white_box_test" "--gtest_filter=WhiteBoxTesting.solveEquation"
Directory: /home/samuel/Desktop/IVS - odovzdanie/ivs_project_1_2022/assignment/build
"WhiteBoxTesting.solveEquation" start time: Mar 09 12:50 CET
Output:
----------------------------------------------------------
Running main() from /home/samuel/Desktop/IVS - odovzdanie/ivs_project_1_2022/assignment/build/googletest-master/googletest/src/gtest_main.cc
Note: Google Test filter = WhiteBoxTesting.solveEquation
[==========] Running 1 test from 1 test suite.
[----------] Global test environment set-up.
[----------] 1 test from WhiteBoxTesting
[ RUN      ] WhiteBoxTesting.solveEquation
[       OK ] WhiteBoxTesting.solveEquation (0 ms)
[----------] 1 test from WhiteBoxTesting (0 ms total)

[----------] Global test environment tear-down
[==========] 1 test from 1 test suite ran. (0 ms total)
[  PASSED  ] 1 test.
<end of output>
Test time =   0.00 sec
----------------------------------------------------------
Test Passed.
"WhiteBoxTesting.solveEquation" end time: Mar 09 12:50 CET
"WhiteBoxTesting.solveEquation" time elapsed: 00:00:00
----------------------------------------------------------

19/29 Testing: WhiteBoxTesting.Transpose
19/29 Test: WhiteBoxTesting.Transpose
Command: "/home/samuel/Desktop/IVS - odovzdanie/ivs_project_1_2022/assignment/build/white_box_test" "--gtest_filter=WhiteBoxTesting.Transpose"
Directory: /home/samuel/Desktop/IVS - odovzdanie/ivs_project_1_2022/assignment/build
"WhiteBoxTesting.Transpose" start time: Mar 09 12:50 CET
Output:
----------------------------------------------------------
Running main() from /home/samuel/Desktop/IVS - odovzdanie/ivs_project_1_2022/assignment/build/googletest-master/googletest/src/gtest_main.cc
Note: Google Test filter = WhiteBoxTesting.Transpose
[==========] Running 1 test from 1 test suite.
[----------] Global test environment set-up.
[----------] 1 test from WhiteBoxTesting
[ RUN      ] WhiteBoxTesting.Transpose
[       OK ] WhiteBoxTesting.Transpose (2 ms)
[----------] 1 test from WhiteBoxTesting (2 ms total)

[----------] Global test environment tear-down
[==========] 1 test from 1 test suite ran. (2 ms total)
[  PASSED  ] 1 test.
<end of output>
Test time =   0.00 sec
----------------------------------------------------------
Test Passed.
"WhiteBoxTesting.Transpose" end time: Mar 09 12:50 CET
"WhiteBoxTesting.Transpose" time elapsed: 00:00:00
----------------------------------------------------------

20/29 Testing: WhiteBoxTesting.Inverse
20/29 Test: WhiteBoxTesting.Inverse
Command: "/home/samuel/Desktop/IVS - odovzdanie/ivs_project_1_2022/assignment/build/white_box_test" "--gtest_filter=WhiteBoxTesting.Inverse"
Directory: /home/samuel/Desktop/IVS - odovzdanie/ivs_project_1_2022/assignment/build
"WhiteBoxTesting.Inverse" start time: Mar 09 12:50 CET
Output:
----------------------------------------------------------
Running main() from /home/samuel/Desktop/IVS - odovzdanie/ivs_project_1_2022/assignment/build/googletest-master/googletest/src/gtest_main.cc
Note: Google Test filter = WhiteBoxTesting.Inverse
[==========] Running 1 test from 1 test suite.
[----------] Global test environment set-up.
[----------] 1 test from WhiteBoxTesting
[ RUN      ] WhiteBoxTesting.Inverse
[       OK ] WhiteBoxTesting.Inverse (0 ms)
[----------] 1 test from WhiteBoxTesting (0 ms total)

[----------] Global test environment tear-down
[==========] 1 test from 1 test suite ran. (0 ms total)
[  PASSED  ] 1 test.
<end of output>
Test time =   0.00 sec
----------------------------------------------------------
Test Passed.
"WhiteBoxTesting.Inverse" end time: Mar 09 12:50 CET
"WhiteBoxTesting.Inverse" time elapsed: 00:00:00
----------------------------------------------------------

21/29 Testing: NonEmptyQueue.Insert
21/29 Test: NonEmptyQueue.Insert
Command: "/home/samuel/Desktop/IVS - odovzdanie/ivs_project_1_2022/assignment/build/tdd_test" "--gtest_filter=NonEmptyQueue.Insert"
Directory: /home/samuel/Desktop/IVS - odovzdanie/ivs_project_1_2022/assignment/build
"NonEmptyQueue.Insert" start time: Mar 09 12:50 CET
Output:
----------------------------------------------------------
Running main() from /home/samuel/Desktop/IVS - odovzdanie/ivs_project_1_2022/assignment/build/googletest-master/googletest/src/gtest_main.cc
Note: Google Test filter = NonEmptyQueue.Insert
[==========] Running 1 test from 1 test suite.
[----------] Global test environment set-up.
[----------] 1 test from NonEmptyQueue
[ RUN      ] NonEmptyQueue.Insert
[       OK ] NonEmptyQueue.Insert (0 ms)
[----------] 1 test from NonEmptyQueue (0 ms total)

[----------] Global test environment tear-down
[==========] 1 test from 1 test suite ran. (0 ms total)
[  PASSED  ] 1 test.
<end of output>
Test time =   0.00 sec
----------------------------------------------------------
Test Passed.
"NonEmptyQueue.Insert" end time: Mar 09 12:50 CET
"NonEmptyQueue.Insert" time elapsed: 00:00:00
----------------------------------------------------------

22/29 Testing: NonEmptyQueue.RemoveAllBackward
22/29 Test: NonEmptyQueue.RemoveAllBackward
Command: "/home/samuel/Desktop/IVS - odovzdanie/ivs_project_1_2022/assignment/build/tdd_test" "--gtest_filter=NonEmptyQueue.RemoveAllBackward"
Directory: /home/samuel/Desktop/IVS - odovzdanie/ivs_project_1_2022/assignment/build
"NonEmptyQueue.RemoveAllBackward" start time: Mar 09 12:50 CET
Output:
----------------------------------------------------------
Running main() from /home/samuel/Desktop/IVS - odovzdanie/ivs_project_1_2022/assignment/build/googletest-master/googletest/src/gtest_main.cc
Note: Google Test filter = NonEmptyQueue.RemoveAllBackward
[==========] Running 1 test from 1 test suite.
[----------] Global test environment set-up.
[----------] 1 test from NonEmptyQueue
[ RUN      ] NonEmptyQueue.RemoveAllBackward
[       OK ] NonEmptyQueue.RemoveAllBackward (0 ms)
[----------] 1 test from NonEmptyQueue (0 ms total)

[----------] Global test environment tear-down
[==========] 1 test from 1 test suite ran. (0 ms total)
[  PASSED  ] 1 test.
<end of output>
Test time =   0.00 sec
----------------------------------------------------------
Test Passed.
"NonEmptyQueue.RemoveAllBackward" end time: Mar 09 12:50 CET
"NonEmptyQueue.RemoveAllBackward" time elapsed: 00:00:00
----------------------------------------------------------

23/29 Testing: NonEmptyQueue.RemoveAllForward
23/29 Test: NonEmptyQueue.RemoveAllForward
Command: "/home/samuel/Desktop/IVS - odovzdanie/ivs_project_1_2022/assignment/build/tdd_test" "--gtest_filter=NonEmptyQueue.RemoveAllForward"
Directory: /home/samuel/Desktop/IVS - odovzdanie/ivs_project_1_2022/assignment/build
"NonEmptyQueue.RemoveAllForward" start time: Mar 09 12:50 CET
Output:
----------------------------------------------------------
Running main() from /home/samuel/Desktop/IVS - odovzdanie/ivs_project_1_2022/assignment/build/googletest-master/googletest/src/gtest_main.cc
Note: Google Test filter = NonEmptyQueue.RemoveAllForward
[==========] Running 1 test from 1 test suite.
[----------] Global test environment set-up.
[----------] 1 test from NonEmptyQueue
[ RUN      ] NonEmptyQueue.RemoveAllForward
[       OK ] NonEmptyQueue.RemoveAllForward (0 ms)
[----------] 1 test from NonEmptyQueue (0 ms total)

[----------] Global test environment tear-down
[==========] 1 test from 1 test suite ran. (0 ms total)
[  PASSED  ] 1 test.
<end of output>
Test time =   0.00 sec
----------------------------------------------------------
Test Passed.
"NonEmptyQueue.RemoveAllForward" end time: Mar 09 12:50 CET
"NonEmptyQueue.RemoveAllForward" time elapsed: 00:00:00
----------------------------------------------------------

24/29 Testing: NonEmptyQueue.Find
24/29 Test: NonEmptyQueue.Find
Command: "/home/samuel/Desktop/IVS - odovzdanie/ivs_project_1_2022/assignment/build/tdd_test" "--gtest_filter=NonEmptyQueue.Find"
Directory: /home/samuel/Desktop/IVS - odovzdanie/ivs_project_1_2022/assignment/build
"NonEmptyQueue.Find" start time: Mar 09 12:50 CET
Output:
----------------------------------------------------------
Running main() from /home/samuel/Desktop/IVS - odovzdanie/ivs_project_1_2022/assignment/build/googletest-master/googletest/src/gtest_main.cc
Note: Google Test filter = NonEmptyQueue.Find
[==========] Running 1 test from 1 test suite.
[----------] Global test environment set-up.
[----------] 1 test from NonEmptyQueue
[ RUN      ] NonEmptyQueue.Find
[       OK ] NonEmptyQueue.Find (0 ms)
[----------] 1 test from NonEmptyQueue (0 ms total)

[----------] Global test environment tear-down
[==========] 1 test from 1 test suite ran. (0 ms total)
[  PASSED  ] 1 test.
<end of output>
Test time =   0.00 sec
----------------------------------------------------------
Test Passed.
"NonEmptyQueue.Find" end time: Mar 09 12:50 CET
"NonEmptyQueue.Find" time elapsed: 00:00:00
----------------------------------------------------------

25/29 Testing: NonEmptyQueue.Length
25/29 Test: NonEmptyQueue.Length
Command: "/home/samuel/Desktop/IVS - odovzdanie/ivs_project_1_2022/assignment/build/tdd_test" "--gtest_filter=NonEmptyQueue.Length"
Directory: /home/samuel/Desktop/IVS - odovzdanie/ivs_project_1_2022/assignment/build
"NonEmptyQueue.Length" start time: Mar 09 12:50 CET
Output:
----------------------------------------------------------
Running main() from /home/samuel/Desktop/IVS - odovzdanie/ivs_project_1_2022/assignment/build/googletest-master/googletest/src/gtest_main.cc
Note: Google Test filter = NonEmptyQueue.Length
[==========] Running 1 test from 1 test suite.
[----------] Global test environment set-up.
[----------] 1 test from NonEmptyQueue
[ RUN      ] NonEmptyQueue.Length
[       OK ] NonEmptyQueue.Length (0 ms)
[----------] 1 test from NonEmptyQueue (0 ms total)

[----------] Global test environment tear-down
[==========] 1 test from 1 test suite ran. (0 ms total)
[  PASSED  ] 1 test.
<end of output>
Test time =   0.00 sec
----------------------------------------------------------
Test Passed.
"NonEmptyQueue.Length" end time: Mar 09 12:50 CET
"NonEmptyQueue.Length" time elapsed: 00:00:00
----------------------------------------------------------

26/29 Testing: EmptyQueue.Insert
26/29 Test: EmptyQueue.Insert
Command: "/home/samuel/Desktop/IVS - odovzdanie/ivs_project_1_2022/assignment/build/tdd_test" "--gtest_filter=EmptyQueue.Insert"
Directory: /home/samuel/Desktop/IVS - odovzdanie/ivs_project_1_2022/assignment/build
"EmptyQueue.Insert" start time: Mar 09 12:50 CET
Output:
----------------------------------------------------------
Running main() from /home/samuel/Desktop/IVS - odovzdanie/ivs_project_1_2022/assignment/build/googletest-master/googletest/src/gtest_main.cc
Note: Google Test filter = EmptyQueue.Insert
[==========] Running 1 test from 1 test suite.
[----------] Global test environment set-up.
[----------] 1 test from EmptyQueue
[ RUN      ] EmptyQueue.Insert
[       OK ] EmptyQueue.Insert (0 ms)
[----------] 1 test from EmptyQueue (0 ms total)

[----------] Global test environment tear-down
[==========] 1 test from 1 test suite ran. (0 ms total)
[  PASSED  ] 1 test.
<end of output>
Test time =   0.00 sec
----------------------------------------------------------
Test Passed.
"EmptyQueue.Insert" end time: Mar 09 12:50 CET
"EmptyQueue.Insert" time elapsed: 00:00:00
----------------------------------------------------------

27/29 Testing: EmptyQueue.Remove
27/29 Test: EmptyQueue.Remove
Command: "/home/samuel/Desktop/IVS - odovzdanie/ivs_project_1_2022/assignment/build/tdd_test" "--gtest_filter=EmptyQueue.Remove"
Directory: /home/samuel/Desktop/IVS - odovzdanie/ivs_project_1_2022/assignment/build
"EmptyQueue.Remove" start time: Mar 09 12:50 CET
Output:
----------------------------------------------------------
Running main() from /home/samuel/Desktop/IVS - odovzdanie/ivs_project_1_2022/assignment/build/googletest-master/googletest/src/gtest_main.cc
Note: Google Test filter = EmptyQueue.Remove
[==========] Running 1 test from 1 test suite.
[----------] Global test environment set-up.
[----------] 1 test from EmptyQueue
[ RUN      ] EmptyQueue.Remove
[       OK ] EmptyQueue.Remove (0 ms)
[----------] 1 test from EmptyQueue (0 ms total)

[----------] Global test environment tear-down
[==========] 1 test from 1 test suite ran. (0 ms total)
[  PASSED  ] 1 test.
<end of output>
Test time =   0.00 sec
----------------------------------------------------------
Test Passed.
"EmptyQueue.Remove" end time: Mar 09 12:50 CET
"EmptyQueue.Remove" time elapsed: 00:00:00
----------------------------------------------------------

28/29 Testing: EmptyQueue.Find
28/29 Test: EmptyQueue.Find
Command: "/home/samuel/Desktop/IVS - odovzdanie/ivs_project_1_2022/assignment/build/tdd_test" "--gtest_filter=EmptyQueue.Find"
Directory: /home/samuel/Desktop/IVS - odovzdanie/ivs_project_1_2022/assignment/build
"EmptyQueue.Find" start time: Mar 09 12:50 CET
Output:
----------------------------------------------------------
Running main() from /home/samuel/Desktop/IVS - odovzdanie/ivs_project_1_2022/assignment/build/googletest-master/googletest/src/gtest_main.cc
Note: Google Test filter = EmptyQueue.Find
[==========] Running 1 test from 1 test suite.
[----------] Global test environment set-up.
[----------] 1 test from EmptyQueue
[ RUN      ] EmptyQueue.Find
[       OK ] EmptyQueue.Find (0 ms)
[----------] 1 test from EmptyQueue (0 ms total)

[----------] Global test environment tear-down
[==========] 1 test from 1 test suite ran. (0 ms total)
[  PASSED  ] 1 test.
<end of output>
Test time =   0.00 sec
----------------------------------------------------------
Test Passed.
"EmptyQueue.Find" end time: Mar 09 12:50 CET
"EmptyQueue.Find" time elapsed: 00:00:00
----------------------------------------------------------

29/29 Testing: EmptyQueue.Length
29/29 Test: EmptyQueue.Length
Command: "/home/samuel/Desktop/IVS - odovzdanie/ivs_project_1_2022/assignment/build/tdd_test" "--gtest_filter=EmptyQueue.Length"
Directory: /home/samuel/Desktop/IVS - odovzdanie/ivs_project_1_2022/assignment/build
"EmptyQueue.Length" start time: Mar 09 12:50 CET
Output:
----------------------------------------------------------
Running main() from /home/samuel/Desktop/IVS - odovzdanie/ivs_project_1_2022/assignment/build/googletest-master/googletest/src/gtest_main.cc
Note: Google Test filter = EmptyQueue.Length
[==========] Running 1 test from 1 test suite.
[----------] Global test environment set-up.
[----------] 1 test from EmptyQueue
[ RUN      ] EmptyQueue.Length
[       OK ] EmptyQueue.Length (0 ms)
[----------] 1 test from EmptyQueue (0 ms total)

[----------] Global test environment tear-down
[==========] 1 test from 1 test suite ran. (0 ms total)
[  PASSED  ] 1 test.
<end of output>
Test time =   0.00 sec
----------------------------------------------------------
Test Passed.
"EmptyQueue.Length" end time: Mar 09 12:50 CET
"EmptyQueue.Length" time elapsed: 00:00:00
----------------------------------------------------------

End testing: Mar 09 12:50 CET
