Start testing: Mar 02 22:14 CET
----------------------------------------------------------
1/9 Testing: NonEmptyQueue.Insert
1/9 Test: NonEmptyQueue.Insert
Command: "/home/samuel/Desktop/IVS 1/ivs_project_1_2022 (1)/assignment/build/tdd_test" "--gtest_filter=NonEmptyQueue.Insert"
Directory: /home/samuel/Desktop/IVS 1/ivs_project_1_2022 (1)/assignment/build
"NonEmptyQueue.Insert" start time: Mar 02 22:14 CET
Output:
----------------------------------------------------------
Running main() from /home/samuel/Desktop/IVS 1/ivs_project_1_2022 (1)/assignment/build/googletest-master/googletest/src/gtest_main.cc
Note: Google Test filter = NonEmptyQueue.Insert
[==========] Running 1 test from 1 test suite.
[----------] Global test environment set-up.
[----------] 1 test from NonEmptyQueue
[ RUN      ] NonEmptyQueue.Insert
[       OK ] NonEmptyQueue.Insert (0 ms)
[----------] 1 test from NonEmptyQueue (0 ms total)

[----------] Global test environment tear-down
[==========] 1 test from 1 test suite ran. (0 ms total)
[  PASSED  ] 1 test.
<end of output>
Test time =   0.01 sec
----------------------------------------------------------
Test Passed.
"NonEmptyQueue.Insert" end time: Mar 02 22:14 CET
"NonEmptyQueue.Insert" time elapsed: 00:00:00
----------------------------------------------------------

2/9 Testing: NonEmptyQueue.RemoveAllBackward
2/9 Test: NonEmptyQueue.RemoveAllBackward
Command: "/home/samuel/Desktop/IVS 1/ivs_project_1_2022 (1)/assignment/build/tdd_test" "--gtest_filter=NonEmptyQueue.RemoveAllBackward"
Directory: /home/samuel/Desktop/IVS 1/ivs_project_1_2022 (1)/assignment/build
"NonEmptyQueue.RemoveAllBackward" start time: Mar 02 22:14 CET
Output:
----------------------------------------------------------
Running main() from /home/samuel/Desktop/IVS 1/ivs_project_1_2022 (1)/assignment/build/googletest-master/googletest/src/gtest_main.cc
Note: Google Test filter = NonEmptyQueue.RemoveAllBackward
[==========] Running 1 test from 1 test suite.
[----------] Global test environment set-up.
[----------] 1 test from NonEmptyQueue
[ RUN      ] NonEmptyQueue.RemoveAllBackward
[       OK ] NonEmptyQueue.RemoveAllBackward (0 ms)
[----------] 1 test from NonEmptyQueue (0 ms total)

[----------] Global test environment tear-down
[==========] 1 test from 1 test suite ran. (0 ms total)
[  PASSED  ] 1 test.
<end of output>
Test time =   0.00 sec
----------------------------------------------------------
Test Passed.
"NonEmptyQueue.RemoveAllBackward" end time: Mar 02 22:14 CET
"NonEmptyQueue.RemoveAllBackward" time elapsed: 00:00:00
----------------------------------------------------------

3/9 Testing: NonEmptyQueue.RemoveAllForward
3/9 Test: NonEmptyQueue.RemoveAllForward
Command: "/home/samuel/Desktop/IVS 1/ivs_project_1_2022 (1)/assignment/build/tdd_test" "--gtest_filter=NonEmptyQueue.RemoveAllForward"
Directory: /home/samuel/Desktop/IVS 1/ivs_project_1_2022 (1)/assignment/build
"NonEmptyQueue.RemoveAllForward" start time: Mar 02 22:14 CET
Output:
----------------------------------------------------------
Running main() from /home/samuel/Desktop/IVS 1/ivs_project_1_2022 (1)/assignment/build/googletest-master/googletest/src/gtest_main.cc
Note: Google Test filter = NonEmptyQueue.RemoveAllForward
[==========] Running 1 test from 1 test suite.
[----------] Global test environment set-up.
[----------] 1 test from NonEmptyQueue
[ RUN      ] NonEmptyQueue.RemoveAllForward
[       OK ] NonEmptyQueue.RemoveAllForward (0 ms)
[----------] 1 test from NonEmptyQueue (0 ms total)

[----------] Global test environment tear-down
[==========] 1 test from 1 test suite ran. (0 ms total)
[  PASSED  ] 1 test.
<end of output>
Test time =   0.00 sec
----------------------------------------------------------
Test Passed.
"NonEmptyQueue.RemoveAllForward" end time: Mar 02 22:14 CET
"NonEmptyQueue.RemoveAllForward" time elapsed: 00:00:00
----------------------------------------------------------

4/9 Testing: NonEmptyQueue.Find
4/9 Test: NonEmptyQueue.Find
Command: "/home/samuel/Desktop/IVS 1/ivs_project_1_2022 (1)/assignment/build/tdd_test" "--gtest_filter=NonEmptyQueue.Find"
Directory: /home/samuel/Desktop/IVS 1/ivs_project_1_2022 (1)/assignment/build
"NonEmptyQueue.Find" start time: Mar 02 22:14 CET
Output:
----------------------------------------------------------
Running main() from /home/samuel/Desktop/IVS 1/ivs_project_1_2022 (1)/assignment/build/googletest-master/googletest/src/gtest_main.cc
Note: Google Test filter = NonEmptyQueue.Find
[==========] Running 1 test from 1 test suite.
[----------] Global test environment set-up.
[----------] 1 test from NonEmptyQueue
[ RUN      ] NonEmptyQueue.Find
[       OK ] NonEmptyQueue.Find (0 ms)
[----------] 1 test from NonEmptyQueue (0 ms total)

[----------] Global test environment tear-down
[==========] 1 test from 1 test suite ran. (0 ms total)
[  PASSED  ] 1 test.
<end of output>
Test time =   0.00 sec
----------------------------------------------------------
Test Passed.
"NonEmptyQueue.Find" end time: Mar 02 22:14 CET
"NonEmptyQueue.Find" time elapsed: 00:00:00
----------------------------------------------------------

5/9 Testing: NonEmptyQueue.Length
5/9 Test: NonEmptyQueue.Length
Command: "/home/samuel/Desktop/IVS 1/ivs_project_1_2022 (1)/assignment/build/tdd_test" "--gtest_filter=NonEmptyQueue.Length"
Directory: /home/samuel/Desktop/IVS 1/ivs_project_1_2022 (1)/assignment/build
"NonEmptyQueue.Length" start time: Mar 02 22:14 CET
Output:
----------------------------------------------------------
Running main() from /home/samuel/Desktop/IVS 1/ivs_project_1_2022 (1)/assignment/build/googletest-master/googletest/src/gtest_main.cc
Note: Google Test filter = NonEmptyQueue.Length
[==========] Running 1 test from 1 test suite.
[----------] Global test environment set-up.
[----------] 1 test from NonEmptyQueue
[ RUN      ] NonEmptyQueue.Length
[       OK ] NonEmptyQueue.Length (0 ms)
[----------] 1 test from NonEmptyQueue (0 ms total)

[----------] Global test environment tear-down
[==========] 1 test from 1 test suite ran. (0 ms total)
[  PASSED  ] 1 test.
<end of output>
Test time =   0.00 sec
----------------------------------------------------------
Test Passed.
"NonEmptyQueue.Length" end time: Mar 02 22:14 CET
"NonEmptyQueue.Length" time elapsed: 00:00:00
----------------------------------------------------------

6/9 Testing: EmptyQueue.Insert
6/9 Test: EmptyQueue.Insert
Command: "/home/samuel/Desktop/IVS 1/ivs_project_1_2022 (1)/assignment/build/tdd_test" "--gtest_filter=EmptyQueue.Insert"
Directory: /home/samuel/Desktop/IVS 1/ivs_project_1_2022 (1)/assignment/build
"EmptyQueue.Insert" start time: Mar 02 22:14 CET
Output:
----------------------------------------------------------
Running main() from /home/samuel/Desktop/IVS 1/ivs_project_1_2022 (1)/assignment/build/googletest-master/googletest/src/gtest_main.cc
Note: Google Test filter = EmptyQueue.Insert
[==========] Running 1 test from 1 test suite.
[----------] Global test environment set-up.
[----------] 1 test from EmptyQueue
[ RUN      ] EmptyQueue.Insert
[       OK ] EmptyQueue.Insert (0 ms)
[----------] 1 test from EmptyQueue (0 ms total)

[----------] Global test environment tear-down
[==========] 1 test from 1 test suite ran. (0 ms total)
[  PASSED  ] 1 test.
<end of output>
Test time =   0.00 sec
----------------------------------------------------------
Test Passed.
"EmptyQueue.Insert" end time: Mar 02 22:14 CET
"EmptyQueue.Insert" time elapsed: 00:00:00
----------------------------------------------------------

7/9 Testing: EmptyQueue.Remove
7/9 Test: EmptyQueue.Remove
Command: "/home/samuel/Desktop/IVS 1/ivs_project_1_2022 (1)/assignment/build/tdd_test" "--gtest_filter=EmptyQueue.Remove"
Directory: /home/samuel/Desktop/IVS 1/ivs_project_1_2022 (1)/assignment/build
"EmptyQueue.Remove" start time: Mar 02 22:14 CET
Output:
----------------------------------------------------------
Running main() from /home/samuel/Desktop/IVS 1/ivs_project_1_2022 (1)/assignment/build/googletest-master/googletest/src/gtest_main.cc
Note: Google Test filter = EmptyQueue.Remove
[==========] Running 1 test from 1 test suite.
[----------] Global test environment set-up.
[----------] 1 test from EmptyQueue
[ RUN      ] EmptyQueue.Remove
[       OK ] EmptyQueue.Remove (0 ms)
[----------] 1 test from EmptyQueue (0 ms total)

[----------] Global test environment tear-down
[==========] 1 test from 1 test suite ran. (0 ms total)
[  PASSED  ] 1 test.
<end of output>
Test time =   0.00 sec
----------------------------------------------------------
Test Passed.
"EmptyQueue.Remove" end time: Mar 02 22:14 CET
"EmptyQueue.Remove" time elapsed: 00:00:00
----------------------------------------------------------

8/9 Testing: EmptyQueue.Find
8/9 Test: EmptyQueue.Find
Command: "/home/samuel/Desktop/IVS 1/ivs_project_1_2022 (1)/assignment/build/tdd_test" "--gtest_filter=EmptyQueue.Find"
Directory: /home/samuel/Desktop/IVS 1/ivs_project_1_2022 (1)/assignment/build
"EmptyQueue.Find" start time: Mar 02 22:14 CET
Output:
----------------------------------------------------------
Running main() from /home/samuel/Desktop/IVS 1/ivs_project_1_2022 (1)/assignment/build/googletest-master/googletest/src/gtest_main.cc
Note: Google Test filter = EmptyQueue.Find
[==========] Running 1 test from 1 test suite.
[----------] Global test environment set-up.
[----------] 1 test from EmptyQueue
[ RUN      ] EmptyQueue.Find
[       OK ] EmptyQueue.Find (0 ms)
[----------] 1 test from EmptyQueue (0 ms total)

[----------] Global test environment tear-down
[==========] 1 test from 1 test suite ran. (0 ms total)
[  PASSED  ] 1 test.
<end of output>
Test time =   0.00 sec
----------------------------------------------------------
Test Passed.
"EmptyQueue.Find" end time: Mar 02 22:14 CET
"EmptyQueue.Find" time elapsed: 00:00:00
----------------------------------------------------------

9/9 Testing: EmptyQueue.Length
9/9 Test: EmptyQueue.Length
Command: "/home/samuel/Desktop/IVS 1/ivs_project_1_2022 (1)/assignment/build/tdd_test" "--gtest_filter=EmptyQueue.Length"
Directory: /home/samuel/Desktop/IVS 1/ivs_project_1_2022 (1)/assignment/build
"EmptyQueue.Length" start time: Mar 02 22:14 CET
Output:
----------------------------------------------------------
Running main() from /home/samuel/Desktop/IVS 1/ivs_project_1_2022 (1)/assignment/build/googletest-master/googletest/src/gtest_main.cc
Note: Google Test filter = EmptyQueue.Length
[==========] Running 1 test from 1 test suite.
[----------] Global test environment set-up.
[----------] 1 test from EmptyQueue
[ RUN      ] EmptyQueue.Length
[       OK ] EmptyQueue.Length (0 ms)
[----------] 1 test from EmptyQueue (0 ms total)

[----------] Global test environment tear-down
[==========] 1 test from 1 test suite ran. (0 ms total)
[  PASSED  ] 1 test.
<end of output>
Test time =   0.00 sec
----------------------------------------------------------
Test Passed.
"EmptyQueue.Length" end time: Mar 02 22:14 CET
"EmptyQueue.Length" time elapsed: 00:00:00
----------------------------------------------------------

End testing: Mar 02 22:14 CET
